# JRE version: OpenJDK Runtime Environment Temurin-21.0.10+7 (21.0.10+7) (build 21.0.10+7-LTS)
# Java VM: OpenJDK 64-Bit Server VM Temurin-21.0.10+7 (21.0.10+7-LTS, mixed mode, sharing, tiered, compressed oops, compressed class ptrs, parallel gc, windows-amd64)
GC Precious Log:
 CardTable entry size: 512
 CPUs: 8 total, 8 available
 Memory: 8083M
 Large Page Support: Disabled
 NUMA Support: Disabled
 Compressed Oops: Enabled (32-bit)
 Alignments: Space 512K, Generation 512K, Heap 2M
 Heap Min Capacity: 100M
 Heap Initial Capacity: 100M
 Heap Max Capacity: 2G
 Pre-touch: Disabled
 Parallel Workers: 8
Heap:
 PSYoungGen      total 6656K, used 4351K [0x00000000d5580000, 0x00000000d5e80000, 0x0000000100000000)
  eden space 6144K, 67% used [0x00000000d5580000,0x00000000d5987c08,0x00000000d5b80000)
  from space 512K, 43% used [0x00000000d5e00000,0x00000000d5e38000,0x00000000d5e80000)
  to   space 512K, 0% used [0x00000000d5d80000,0x00000000d5d80000,0x00000000d5e00000)
 ParOldGen       total 581120K, used 173202K [0x0000000080000000, 0x00000000a3780000, 0x00000000d5580000)
  object space 581120K, 29% used [0x0000000080000000,0x000000008a924a80,0x00000000a3780000)
 Metaspace       used 90575K, committed 92352K, reserved 1179648K
  class space    used 9302K, committed 10176K, reserved 1048576K
GC Heap History (20 events):
Event: 5046.705 GC heap before
{Heap before GC invocations=1606 (full 5):
 PSYoungGen      total 11776K, used 11245K [0x00000000d5580000, 0x00000000d6480000, 0x0000000100000000)
  eden space 8192K, 100% used [0x00000000d5580000,0x00000000d5d80000,0x00000000d5d80000)
  from space 3584K, 85% used [0x00000000d6100000,0x00000000d63fb650,0x00000000d6480000)
  to   space 3584K, 0% used [0x00000000d5d80000,0x00000000d5d80000,0x00000000d6100000)
 ParOldGen       total 581120K, used 169101K [0x0000000080000000, 0x00000000a3780000, 0x00000000d5580000)
  object space 581120K, 29% used [0x0000000080000000,0x000000008a523518,0x00000000a3780000)
 Metaspace       used 90526K, committed 92352K, reserved 1179648K
  class space    used 9299K, committed 10176K, reserved 1048576K
}
Event: 5046.709 GC heap after
{Heap after GC invocations=1606 (full 5):
 PSYoungGen      total 8704K, used 128K [0x00000000d5580000, 0x00000000d6180000, 0x0000000100000000)
  eden space 8192K, 0% used [0x00000000d5580000,0x00000000d5580000,0x00000000d5d80000)
  from space 512K, 25% used [0x00000000d5d80000,0x00000000d5da0000,0x00000000d5e00000)
  to   space 1536K, 0% used [0x00000000d6000000,0x00000000d6000000,0x00000000d6180000)
 ParOldGen       total 581120K, used 169341K [0x0000000080000000, 0x00000000a3780000, 0x00000000d5580000)
  object space 581120K, 29% used [0x0000000080000000,0x000000008a55f518,0x00000000a3780000)
 Metaspace       used 90526K, committed 92352K, reserved 1179648K
  class space    used 9299K, committed 10176K, reserved 1048576K
}
Event: 5049.102 GC heap before
{Heap before GC invocations=1607 (full 5):
 PSYoungGen      total 8704K, used 8320K [0x00000000d5580000, 0x00000000d6180000, 0x0000000100000000)
  eden space 8192K, 100% used [0x00000000d5580000,0x00000000d5d80000,0x00000000d5d80000)
  from space 512K, 25% used [0x00000000d5d80000,0x00000000d5da0000,0x00000000d5e00000)
  to   space 1536K, 0% used [0x00000000d6000000,0x00000000d6000000,0x00000000d6180000)
 ParOldGen       total 581120K, used 169341K [0x0000000080000000, 0x00000000a3780000, 0x00000000d5580000)
  object space 581120K, 29% used [0x0000000080000000,0x000000008a55f518,0x00000000a3780000)
 Metaspace       used 90532K, committed 92352K, reserved 1179648K
  class space    used 9299K, committed 10176K, reserved 1048576K
}
Event: 5049.104 GC heap after
{Heap after GC invocations=1607 (full 5):
 PSYoungGen      total 8704K, used 256K [0x00000000d5580000, 0x00000000d6080000, 0x0000000100000000)
  eden space 8192K, 0% used [0x00000000d5580000,0x00000000d5580000,0x00000000d5d80000)
  from space 512K, 50% used [0x00000000d6000000,0x00000000d6040000,0x00000000d6080000)
  to   space 512K, 0% used [0x00000000d5d80000,0x00000000d5d80000,0x00000000d5e00000)
 ParOldGen       total 581120K, used 169349K [0x0000000080000000, 0x00000000a3780000, 0x00000000d5580000)
  object space 581120K, 29% used [0x0000000080000000,0x000000008a561518,0x00000000a3780000)
 Metaspace       used 90532K, committed 92352K, reserved 1179648K
  class space    used 9299K, committed 10176K, reserved 1048576K
}
Event: 5051.143 GC heap before
{Heap before GC invocations=1608 (full 5):
 PSYoungGen      total 8704K, used 8448K [0x00000000d5580000, 0x00000000d6080000, 0x0000000100000000)
  eden space 8192K, 100% used [0x00000000d5580000,0x00000000d5d80000,0x00000000d5d80000)
  from space 512K, 50% used [0x00000000d6000000,0x00000000d6040000,0x00000000d6080000)
  to   space 512K, 0% used [0x00000000d5d80000,0x00000000d5d80000,0x00000000d5e00000)
 ParOldGen       total 581120K, used 169349K [0x0000000080000000, 0x00000000a3780000, 0x00000000d5580000)
  object space 581120K, 29% used [0x0000000080000000,0x000000008a561518,0x00000000a3780000)
 Metaspace       used 90533K, committed 92352K, reserved 1179648K
  class space    used 9299K, committed 10176K, reserved 1048576K
}
Event: 5051.144 GC heap after
{Heap after GC invocations=1608 (full 5):
 PSYoungGen      total 8704K, used 288K [0x00000000d5580000, 0x00000000d6080000, 0x0000000100000000)
  eden space 8192K, 0% used [0x00000000d5580000,0x00000000d5580000,0x00000000d5d80000)
  from space 512K, 56% used [0x00000000d5d80000,0x00000000d5dc8000,0x00000000d5e00000)
  to   space 512K, 0% used [0x00000000d6000000,0x00000000d6000000,0x00000000d6080000)
 ParOldGen       total 581120K, used 169413K [0x0000000080000000, 0x00000000a3780000, 0x00000000d5580000)
  object space 581120K, 29% used [0x0000000080000000,0x000000008a571518,0x00000000a3780000)
 Metaspace       used 90533K, committed 92352K, reserved 1179648K
  class space    used 9299K, committed 10176K, reserved 1048576K
}
Event: 5052.877 GC heap before
{Heap before GC invocations=1609 (full 5):
 PSYoungGen      total 8704K, used 8480K [0x00000000d5580000, 0x00000000d6080000, 0x0000000100000000)
  eden space 8192K, 100% used [0x00000000d5580000,0x00000000d5d80000,0x00000000d5d80000)
  from space 512K, 56% used [0x00000000d5d80000,0x00000000d5dc8000,0x00000000d5e00000)
  to   space 512K, 0% used [0x00000000d6000000,0x00000000d6000000,0x00000000d6080000)
 ParOldGen       total 581120K, used 169413K [0x0000000080000000, 0x00000000a3780000, 0x00000000d5580000)
  object space 581120K, 29% used [0x0000000080000000,0x000000008a571518,0x00000000a3780000)
 Metaspace       used 90534K, committed 92352K, reserved 1179648K
  class space    used 9299K, committed 10176K, reserved 1048576K
}
Event: 5052.891 GC heap after
{Heap after GC invocations=1609 (full 5):
 PSYoungGen      total 6656K, used 486K [0x00000000d5580000, 0x00000000d6680000, 0x0000000100000000)
  eden space 6144K, 0% used [0x00000000d5580000,0x00000000d5580000,0x00000000d5b80000)
  from space 512K, 95% used [0x00000000d6000000,0x00000000d6079b28,0x00000000d6080000)
  to   space 4608K, 0% used [0x00000000d5b80000,0x00000000d5b80000,0x00000000d6000000)
 ParOldGen       total 581120K, used 172740K [0x0000000080000000, 0x00000000a3780000, 0x00000000d5580000)
  object space 581120K, 29% used [0x0000000080000000,0x000000008a8b1040,0x00000000a3780000)
 Metaspace       used 90534K, committed 92352K, reserved 1179648K
  class space    used 9299K, committed 10176K, reserved 1048576K
}
Event: 5052.906 GC heap before
{Heap before GC invocations=1610 (full 5):
 PSYoungGen      total 6656K, used 6630K [0x00000000d5580000, 0x00000000d6680000, 0x0000000100000000)
  eden space 6144K, 100% used [0x00000000d5580000,0x00000000d5b80000,0x00000000d5b80000)
  from space 512K, 95% used [0x00000000d6000000,0x00000000d6079b28,0x00000000d6080000)
  to   space 4608K, 0% used [0x00000000d5b80000,0x00000000d5b80000,0x00000000d6000000)
 ParOldGen       total 581120K, used 172740K [0x0000000080000000, 0x00000000a3780000, 0x00000000d5580000)
  object space 581120K, 29% used [0x0000000080000000,0x000000008a8b1040,0x00000000a3780000)
 Metaspace       used 90539K, committed 92352K, reserved 1179648K
  class space    used 9299K, committed 10176K, reserved 1048576K
}
Event: 5052.908 GC heap after
{Heap after GC invocations=1610 (full 5):
 PSYoungGen      total 8192K, used 1837K [0x00000000d5580000, 0x00000000d6080000, 0x0000000100000000)
  eden space 6144K, 0% used [0x00000000d5580000,0x00000000d5580000,0x00000000d5b80000)
  from space 2048K, 89% used [0x00000000d5b80000,0x00000000d5d4b650,0x00000000d5d80000)
  to   space 2560K, 0% used [0x00000000d5e00000,0x00000000d5e00000,0x00000000d6080000)
 ParOldGen       total 581120K, used 172986K [0x0000000080000000, 0x00000000a3780000, 0x00000000d5580000)
  object space 581120K, 29% used [0x0000000080000000,0x000000008a8eea80,0x00000000a3780000)
 Metaspace       used 90539K, committed 92352K, reserved 1179648K
  class space    used 9299K, committed 10176K, reserved 1048576K
}
Event: 5053.468 GC heap before
{Heap before GC invocations=1611 (full 5):
 PSYoungGen      total 8192K, used 7981K [0x00000000d5580000, 0x00000000d6080000, 0x0000000100000000)
  eden space 6144K, 100% used [0x00000000d5580000,0x00000000d5b80000,0x00000000d5b80000)
  from space 2048K, 89% used [0x00000000d5b80000,0x00000000d5d4b650,0x00000000d5d80000)
  to   space 2560K, 0% used [0x00000000d5e00000,0x00000000d5e00000,0x00000000d6080000)
 ParOldGen       total 581120K, used 172986K [0x0000000080000000, 0x00000000a3780000, 0x00000000d5580000)
  object space 581120K, 29% used [0x0000000080000000,0x000000008a8eea80,0x00000000a3780000)
 Metaspace       used 90539K, committed 92352K, reserved 1179648K
  class space    used 9299K, committed 10176K, reserved 1048576K
}
Event: 5053.469 GC heap after
{Heap after GC invocations=1611 (full 5):
 PSYoungGen      total 6656K, used 256K [0x00000000d5580000, 0x00000000d5e80000, 0x0000000100000000)
  eden space 6144K, 0% used [0x00000000d5580000,0x00000000d5580000,0x00000000d5b80000)
  from space 512K, 50% used [0x00000000d5e00000,0x00000000d5e40000,0x00000000d5e80000)
  to   space 1024K, 0% used [0x00000000d5c80000,0x00000000d5c80000,0x00000000d5d80000)
 ParOldGen       total 581120K, used 173050K [0x0000000080000000, 0x00000000a3780000, 0x00000000d5580000)
  object space 581120K, 29% used [0x0000000080000000,0x000000008a8fea80,0x00000000a3780000)
 Metaspace       used 90539K, committed 92352K, reserved 1179648K
  class space    used 9299K, committed 10176K, reserved 1048576K
}
Event: 5054.960 GC heap before
{Heap before GC invocations=1612 (full 5):
 PSYoungGen      total 6656K, used 6400K [0x00000000d5580000, 0x00000000d5e80000, 0x0000000100000000)
  eden space 6144K, 100% used [0x00000000d5580000,0x00000000d5b80000,0x00000000d5b80000)
  from space 512K, 50% used [0x00000000d5e00000,0x00000000d5e40000,0x00000000d5e80000)
  to   space 1024K, 0% used [0x00000000d5c80000,0x00000000d5c80000,0x00000000d5d80000)
 ParOldGen       total 581120K, used 173050K [0x0000000080000000, 0x00000000a3780000, 0x00000000d5580000)
  object space 581120K, 29% used [0x0000000080000000,0x000000008a8fea80,0x00000000a3780000)
 Metaspace       used 90544K, committed 92352K, reserved 1179648K
  class space    used 9299K, committed 10176K, reserved 1048576K
}
Event: 5054.961 GC heap after
{Heap after GC invocations=1612 (full 5):
 PSYoungGen      total 7168K, used 224K [0x00000000d5580000, 0x00000000d5e80000, 0x0000000100000000)
  eden space 6144K, 0% used [0x00000000d5580000,0x00000000d5580000,0x00000000d5b80000)
  from space 1024K, 21% used [0x00000000d5c80000,0x00000000d5cb8000,0x00000000d5d80000)
  to   space 512K, 0% used [0x00000000d5e00000,0x00000000d5e00000,0x00000000d5e80000)
 ParOldGen       total 581120K, used 173050K [0x0000000080000000, 0x00000000a3780000, 0x00000000d5580000)
  object space 581120K, 29% used [0x0000000080000000,0x000000008a8fea80,0x00000000a3780000)
 Metaspace       used 90544K, committed 92352K, reserved 1179648K
  class space    used 9299K, committed 10176K, reserved 1048576K
}
Event: 5055.106 GC heap before
{Heap before GC invocations=1613 (full 5):
 PSYoungGen      total 7168K, used 6368K [0x00000000d5580000, 0x00000000d5e80000, 0x0000000100000000)
  eden space 6144K, 100% used [0x00000000d5580000,0x00000000d5b80000,0x00000000d5b80000)
  from space 1024K, 21% used [0x00000000d5c80000,0x00000000d5cb8000,0x00000000d5d80000)
  to   space 512K, 0% used [0x00000000d5e00000,0x00000000d5e00000,0x00000000d5e80000)
 ParOldGen       total 581120K, used 173050K [0x0000000080000000, 0x00000000a3780000, 0x00000000d5580000)
  object space 581120K, 29% used [0x0000000080000000,0x000000008a8fea80,0x00000000a3780000)
 Metaspace       used 90544K, committed 92352K, reserved 1179648K
  class space    used 9299K, committed 10176K, reserved 1048576K
}
Event: 5055.107 GC heap after
{Heap after GC invocations=1613 (full 5):
 PSYoungGen      total 6656K, used 160K [0x00000000d5580000, 0x00000000d5e80000, 0x0000000100000000)
  eden space 6144K, 0% used [0x00000000d5580000,0x00000000d5580000,0x00000000d5b80000)
  from space 512K, 31% used [0x00000000d5e00000,0x00000000d5e28000,0x00000000d5e80000)
  to   space 512K, 0% used [0x00000000d5d80000,0x00000000d5d80000,0x00000000d5e00000)
 ParOldGen       total 581120K, used 173082K [0x0000000080000000, 0x00000000a3780000, 0x00000000d5580000)
  object space 581120K, 29% used [0x0000000080000000,0x000000008a906a80,0x00000000a3780000)
 Metaspace       used 90544K, committed 92352K, reserved 1179648K
  class space    used 9299K, committed 10176K, reserved 1048576K
}
Event: 5056.564 GC heap before
{Heap before GC invocations=1614 (full 5):
 PSYoungGen      total 6656K, used 6304K [0x00000000d5580000, 0x00000000d5e80000, 0x0000000100000000)
  eden space 6144K, 100% used [0x00000000d5580000,0x00000000d5b80000,0x00000000d5b80000)
  from space 512K, 31% used [0x00000000d5e00000,0x00000000d5e28000,0x00000000d5e80000)
  to   space 512K, 0% used [0x00000000d5d80000,0x00000000d5d80000,0x00000000d5e00000)
 ParOldGen       total 581120K, used 173082K [0x0000000080000000, 0x00000000a3780000, 0x00000000d5580000)
  object space 581120K, 29% used [0x0000000080000000,0x000000008a906a80,0x00000000a3780000)
 Metaspace       used 90557K, committed 92352K, reserved 1179648K
  class space    used 9302K, committed 10176K, reserved 1048576K
}
Event: 5056.566 GC heap after
{Heap after GC invocations=1614 (full 5):
 PSYoungGen      total 6656K, used 256K [0x00000000d5580000, 0x00000000d5e80000, 0x0000000100000000)
  eden space 6144K, 0% used [0x00000000d5580000,0x00000000d5580000,0x00000000d5b80000)
  from space 512K, 50% used [0x00000000d5d80000,0x00000000d5dc0000,0x00000000d5e00000)
  to   space 512K, 0% used [0x00000000d5e00000,0x00000000d5e00000,0x00000000d5e80000)
 ParOldGen       total 581120K, used 173138K [0x0000000080000000, 0x00000000a3780000, 0x00000000d5580000)
  object space 581120K, 29% used [0x0000000080000000,0x000000008a914a80,0x00000000a3780000)
 Metaspace       used 90557K, committed 92352K, reserved 1179648K
  class space    used 9302K, committed 10176K, reserved 1048576K
}
Event: 5058.330 GC heap before
{Heap before GC invocations=1615 (full 5):
 PSYoungGen      total 6656K, used 6400K [0x00000000d5580000, 0x00000000d5e80000, 0x0000000100000000)
  eden space 6144K, 100% used [0x00000000d5580000,0x00000000d5b80000,0x00000000d5b80000)
  from space 512K, 50% used [0x00000000d5d80000,0x00000000d5dc0000,0x00000000d5e00000)
  to   space 512K, 0% used [0x00000000d5e00000,0x00000000d5e00000,0x00000000d5e80000)
 ParOldGen       total 581120K, used 173138K [0x0000000080000000, 0x00000000a3780000, 0x00000000d5580000)
  object space 581120K, 29% used [0x0000000080000000,0x000000008a914a80,0x00000000a3780000)
 Metaspace       used 90573K, committed 92352K, reserved 1179648K
  class space    used 9302K, committed 10176K, reserved 1048576K
}
Event: 5058.332 GC heap after
{Heap after GC invocations=1615 (full 5):
 PSYoungGen      total 6656K, used 224K [0x00000000d5580000, 0x00000000d5e80000, 0x0000000100000000)
  eden space 6144K, 0% used [0x00000000d5580000,0x00000000d5580000,0x00000000d5b80000)
  from space 512K, 43% used [0x00000000d5e00000,0x00000000d5e38000,0x00000000d5e80000)
  to   space 512K, 0% used [0x00000000d5d80000,0x00000000d5d80000,0x00000000d5e00000)
 ParOldGen       total 581120K, used 173202K [0x0000000080000000, 0x00000000a3780000, 0x00000000d5580000)
  object space 581120K, 29% used [0x0000000080000000,0x000000008a924a80,0x00000000a3780000)
 Metaspace       used 90573K, committed 92352K, reserved 1179648K
  class space    used 9302K, committed 10176K, reserved 1048576K
}

